{"meta": {"format": 3, "version": "7.14.0", "timestamp": "2026-06-13T18:39:31.568920", "branch_coverage": false, "show_contexts": false}, "files": {"src/gaze_py/__init__.py": {"executed_lines": [3], "summary": {"covered_lines": 1, "num_statements": 1, "percent_covered": 100.0, "percent_covered_display": "100", "missing_lines": 0, "excluded_lines": 0, "percent_statements_covered": 100.0, "percent_statements_covered_display": "100"}, "missing_lines": [], "excluded_lines": [], "functions": {"": {"executed_lines": [3], "summary": {"covered_lines": 1, "num_statements": 1, "percent_covered": 100.0, "percent_covered_display": "100", "missing_lines": 0, "excluded_lines": 0, "percent_statements_covered": 100.0, "percent_statements_covered_display": "100"}, "missing_lines": [], "excluded_lines": [], "start_line": 1}}, "classes": {"": {"executed_lines": [3], "summary": {"covered_lines": 1, "num_statements": 1, "percent_covered": 100.0, "percent_covered_display": "100", "missing_lines": 0, "excluded_lines": 0, "percent_statements_covered": 100.0, "percent_statements_covered_display": "100"}, "missing_lines": [], "excluded_lines": [], "start_line": 1}}}, "src/gaze_py/analysis/__init__.py": {"executed_lines": [], "summary": {"covered_lines": 0, "num_statements": 0, "percent_covered": 100.0, "percent_covered_display": "100", "missing_lines": 0, "excluded_lines": 0, "percent_statements_covered": 100.0, "percent_statements_covered_display": "100"}, "missing_lines": [], "excluded_lines": [], "functions": {"": {"executed_lines": [], "summary": {"covered_lines": 0, "num_statements": 0, "percent_covered": 100.0, "percent_covered_display": "100", "missing_lines": 0, "excluded_lines": 0, "percent_statements_covered": 100.0, "percent_statements_covered_display": "100"}, "missing_lines": [], "excluded_lines": [], "start_line": 1}}, "classes": {"": {"executed_lines": [], "summary": {"covered_lines": 0, "num_statements": 0, "percent_covered": 100.0, "percent_covered_display": "100", "missing_lines": 0, "excluded_lines": 0, "percent_statements_covered": 100.0, "percent_statements_covered_display": "100"}, "missing_lines": [], "excluded_lines": [], "start_line": 1}}}, "src/gaze_py/analysis/complexity.py": {"executed_lines": [7, 9, 12, 30, 31, 32, 35, 42, 43, 44, 46, 48, 49, 50, 51, 52, 54, 62, 68, 69, 71, 73, 74, 76, 78, 79, 81, 86, 91, 92, 94, 99, 107, 112, 117, 122, 127], "summary": {"covered_lines": 37, "num_statements": 58, "percent_covered": 63.793103448275865, "percent_covered_display": "64", "missing_lines": 21, "excluded_lines": 0, "percent_statements_covered": 63.793103448275865, "percent_statements_covered_display": "64"}, "missing_lines": [56, 57, 58, 59, 60, 83, 84, 96, 97, 104, 105, 109, 110, 114, 115, 119, 120, 124, 125, 134, 135], "excluded_lines": [], "functions": {"cyclomatic_complexity": {"executed_lines": [30, 31, 32], "summary": {"covered_lines": 3, "num_statements": 3, "percent_covered": 100.0, "percent_covered_display": "100", "missing_lines": 0, "excluded_lines": 0, "percent_statements_covered": 100.0, "percent_statements_covered_display": "100"}, "missing_lines": [], "excluded_lines": [], "start_line": 12}, "_ComplexityVisitor.__init__": {"executed_lines": [43, 44], "summary": {"covered_lines": 2, "num_statements": 2, "percent_covered": 100.0, "percent_covered_display": "100", "missing_lines": 0, "excluded_lines": 0, "percent_statements_covered": 100.0, "percent_statements_covered_display": "100"}, "missing_lines": [], "excluded_lines": [], "start_line": 42}, "_ComplexityVisitor.visit_FunctionDef": {"executed_lines": [48, 49, 50, 51, 52], "summary": {"covered_lines": 5, "num_statements": 5, "percent_covered": 100.0, "percent_covered_display": "100", "missing_lines": 0, "excluded_lines": 0, "percent_statements_covered": 100.0, "percent_statements_covered_display": "100"}, "missing_lines": [], "excluded_lines": [], "start_line": 46}, "_ComplexityVisitor.visit_AsyncFunctionDef": {"executed_lines": [], "summary": {"covered_lines": 0, "num_statements": 5, "percent_covered": 0.0, "percent_covered_display": "0", "missing_lines": 5, "excluded_lines": 0, "percent_statements_covered": 0.0, "percent_statements_covered_display": "0"}, "missing_lines": [56, 57, 58, 59, 60], "excluded_lines": [], "start_line": 54}, "_ComplexityVisitor.visit_If": {"executed_lines": [68, 69], "summary": {"covered_lines": 2, "num_statements": 2, "percent_covered": 100.0, "percent_covered_display": "100", "missing_lines": 0, "excluded_lines": 0, "percent_statements_covered": 100.0, "percent_statements_covered_display": "100"}, "missing_lines": [], "excluded_lines": [], "start_line": 62}, "_ComplexityVisitor.visit_For": {"executed_lines": [73, 74], "summary": {"covered_lines": 2, "num_statements": 2, "percent_covered": 100.0, "percent_covered_display": "100", "missing_lines": 0, "excluded_lines": 0, "percent_statements_covered": 100.0, "percent_statements_covered_display": "100"}, "missing_lines": [], "excluded_lines": [], "start_line": 71}, "_ComplexityVisitor.visit_While": {"executed_lines": [78, 79], "summary": {"covered_lines": 2, "num_statements": 2, "percent_covered": 100.0, "percent_covered_display": "100", "missing_lines": 0, "excluded_lines": 0, "percent_statements_covered": 100.0, "percent_statements_covered_display": "100"}, "missing_lines": [], "excluded_lines": [], "start_line": 76}, "_ComplexityVisitor.visit_ExceptHandler": {"executed_lines": [], "summary": {"covered_lines": 0, "num_statements": 2, "percent_covered": 0.0, "percent_covered_display": "0", "missing_lines": 2, "excluded_lines": 0, "percent_statements_covered": 0.0, "percent_statements_covered_display": "0"}, "missing_lines": [83, 84], "excluded_lines": [], "start_line": 81}, "_ComplexityVisitor.visit_With": {"executed_lines": [91, 92], "summary": {"covered_lines": 2, "num_statements": 2, "percent_covered": 100.0, "percent_covered_display": "100", "missing_lines": 0, "excluded_lines": 0, "percent_statements_covered": 100.0, "percent_statements_covered_display": "100"}, "missing_lines": [], "excluded_lines": [], "start_line": 86}, "_ComplexityVisitor.visit_Assert": {"executed_lines": [], "summary": {"covered_lines": 0, "num_statements": 2, "percent_covered": 0.0, "percent_covered_display": "0", "missing_lines": 2, "excluded_lines": 0, "percent_statements_covered": 0.0, "percent_statements_covered_display": "0"}, "missing_lines": [96, 97], "excluded_lines": [], "start_line": 94}, "_ComplexityVisitor.visit_BoolOp": {"executed_lines": [], "summary": {"covered_lines": 0, "num_statements": 2, "percent_covered": 0.0, "percent_covered_display": "0", "missing_lines": 2, "excluded_lines": 0, "percent_statements_covered": 0.0, "percent_statements_covered_display": "0"}, "missing_lines": [104, 105], "excluded_lines": [], "start_line": 99}, "_ComplexityVisitor.visit_ListComp": {"executed_lines": [], "summary": {"covered_lines": 0, "num_statements": 2, "percent_covered": 0.0, "percent_covered_display": "0", "missing_lines": 2, "excluded_lines": 0, "percent_statements_covered": 0.0, "percent_statements_covered_display": "0"}, "missing_lines": [109, 110], "excluded_lines": [], "start_line": 107}, "_ComplexityVisitor.visit_SetComp": {"executed_lines": [], "summary": {"covered_lines": 0, "num_statements": 2, "percent_covered": 0.0, "percent_covered_display": "0", "missing_lines": 2, "excluded_lines": 0, "percent_statements_covered": 0.0, "percent_statements_covered_display": "0"}, "missing_lines": [114, 115], "excluded_lines": [], "start_line": 112}, "_ComplexityVisitor.visit_DictComp": {"executed_lines": [], "summary": {"covered_lines": 0, "num_statements": 2, "percent_covered": 0.0, "percent_covered_display": "0", "missing_lines": 2, "excluded_lines": 0, "percent_statements_covered": 0.0, "percent_statements_covered_display": "0"}, "missing_lines": [119, 120], "excluded_lines": [], "start_line": 117}, "_ComplexityVisitor.visit_GeneratorExp": {"executed_lines": [], "summary": {"covered_lines": 0, "num_statements": 2, "percent_covered": 0.0, "percent_covered_display": "0", "missing_lines": 2, "excluded_lines": 0, "percent_statements_covered": 0.0, "percent_statements_covered_display": "0"}, "missing_lines": [124, 125], "excluded_lines": [], "start_line": 122}, "_ComplexityVisitor._count_comprehension_ifs": {"executed_lines": [], "summary": {"covered_lines": 0, "num_statements": 2, "percent_covered": 0.0, "percent_covered_display": "0", "missing_lines": 2, "excluded_lines": 0, "percent_statements_covered": 0.0, "percent_statements_covered_display": "0"}, "missing_lines": [134, 135], "excluded_lines": [], "start_line": 127}, "": {"executed_lines": [7, 9, 12, 35, 42, 46, 54, 62, 71, 76, 81, 86, 94, 99, 107, 112, 117, 122, 127], "summary": {"covered_lines": 19, "num_statements": 19, "percent_covered": 100.0, "percent_covered_display": "100", "missing_lines": 0, "excluded_lines": 0, "percent_statements_covered": 100.0, "percent_statements_covered_display": "100"}, "missing_lines": [], "excluded_lines": [], "start_line": 1}}, "classes": {"_ComplexityVisitor": {"executed_lines": [43, 44, 48, 49, 50, 51, 52, 68, 69, 73, 74, 78, 79, 91, 92], "summary": {"covered_lines": 15, "num_statements": 36, "percent_covered": 41.666666666666664, "percent_covered_display": "42", "missing_lines": 21, "excluded_lines": 0, "percent_statements_covered": 41.666666666666664, "percent_statements_covered_display": "42"}, "missing_lines": [56, 57, 58, 59, 60, 83, 84, 96, 97, 104, 105, 109, 110, 114, 115, 119, 120, 124, 125, 134, 135], "excluded_lines": [], "start_line": 35}, "": {"executed_lines": [7, 9, 12, 30, 31, 32, 35, 42, 46, 54, 62, 71, 76, 81, 86, 94, 99, 107, 112, 117, 122, 127], "summary": {"covered_lines": 22, "num_statements": 22, "percent_covered": 100.0, "percent_covered_display": "100", "missing_lines": 0, "excluded_lines": 0, "percent_statements_covered": 100.0, "percent_statements_covered_display": "100"}, "missing_lines": [], "excluded_lines": [], "start_line": 1}}}, "src/gaze_py/analysis/detector.py": {"executed_lines": [15, 17, 18, 19, 21, 22, 23, 24, 32, 71, 76, 79, 82, 85, 94, 103, 114, 123, 139, 153, 154, 155, 158, 168, 169, 170, 173, 193, 194, 195, 196, 211, 227, 228, 229, 230, 231, 232, 233, 237, 240, 241, 242, 243, 244, 245, 246, 247, 248, 251, 254, 264, 265, 266, 267, 268, 278, 279, 287, 298, 316, 317, 318, 319, 320, 321, 322, 324, 326, 327, 329, 330, 332, 334, 342, 356, 358, 359, 360, 361, 362, 364, 376, 385, 390, 392, 394, 399, 401, 408, 409, 411, 417, 424, 425, 426, 427, 428, 429, 434, 436, 437, 443, 455, 461, 463, 464, 469, 470, 472, 474, 475, 480, 481, 483, 485, 486, 487, 488, 494, 495, 497, 499, 502, 503, 508, 509, 514, 515, 522, 523, 530, 532, 534, 536, 546, 556, 557, 563, 569, 571, 572, 579, 587, 588, 589, 590, 592, 604, 618, 621, 622, 623, 625, 626, 627, 630, 637, 642, 643, 646, 662, 663, 668, 669, 672, 673, 678, 679, 682, 694, 695, 700, 701, 704, 705, 710, 711, 714, 715, 720, 721, 724, 725, 730, 731, 734, 744, 754, 764, 774, 784, 794, 796, 797, 802, 803, 806, 807, 812, 813, 816, 817, 822, 823, 826, 827, 832, 833, 836, 837, 842, 843, 846, 847, 852, 853, 856, 857, 862, 863, 866, 867, 872, 873, 886, 887, 890, 891, 896, 897, 900, 910, 911, 912, 913, 918, 919, 922, 923, 928, 929, 931, 937, 939, 940, 941, 945, 946, 952, 958, 964, 980, 981, 983, 986, 987, 988, 989, 993, 994, 995, 996, 997, 998, 1002, 1003, 1004, 1017, 1020, 1039, 1052, 1053, 1054, 1055, 1056, 1058, 1059, 1061, 1063, 1065, 1068, 1069, 1070, 1071, 1074, 1087, 1088, 1089, 1090, 1091, 1099, 1108, 1109, 1110, 1113, 1125, 1126, 1127, 1128, 1129, 1130, 1132, 1134, 1142, 1165, 1175, 1176, 1177, 1178, 1179, 1180, 1182, 1183, 1185, 1187, 1196, 1197, 1198, 1199, 1201, 1203, 1204, 1206, 1208, 1209, 1210, 1222, 1224, 1242, 1245, 1254, 1264, 1265, 1290, 1292, 1293, 1294, 1295, 1298, 1299, 1304, 1307, 1308, 1309, 1317, 1321, 1322, 1323, 1325, 1326, 1327, 1328, 1331, 1333, 1335, 1339, 1340, 1341, 1344, 1351, 1353, 1354, 1357, 1360, 1361, 1364, 1372, 1374, 1377, 1388, 1389, 1390, 1391], "summary": {"covered_lines": 374, "num_statements": 451, "percent_covered": 82.92682926829268, "percent_covered_display": "83", "missing_lines": 77, "excluded_lines": 0, "percent_statements_covered": 82.92682926829268, "percent_statements_covered_display": "83"}, "missing_lines": [234, 236, 366, 367, 368, 369, 370, 387, 388, 450, 524, 541, 551, 594, 595, 596, 597, 598, 653, 658, 659, 684, 685, 690, 691, 735, 740, 741, 745, 750, 751, 755, 760, 761, 765, 770, 771, 775, 780, 781, 785, 790, 791, 876, 877, 882, 883, 901, 906, 907, 990, 999, 1000, 1031, 1032, 1033, 1034, 1035, 1036, 1060, 1093, 1094, 1095, 1096, 1131, 1133, 1153, 1154, 1155, 1156, 1157, 1226, 1227, 1239, 1300, 1302, 1362], "excluded_lines": [], "functions": {"_effect_id": {"executed_lines": [153, 154, 155], "summary": {"covered_lines": 3, "num_statements": 3, "percent_covered": 100.0, "percent_covered_display": "100", "missing_lines": 0, "excluded_lines": 0, "percent_statements_covered": 100.0, "percent_statements_covered_display": "100"}, "missing_lines": [], "excluded_lines": [], "start_line": 139}, "_location": {"executed_lines": [168, 169, 170], "summary": {"covered_lines": 3, "num_statements": 3, "percent_covered": 100.0, "percent_covered_display": "100", "missing_lines": 0, "excluded_lines": 0, "percent_statements_covered": 100.0, "percent_statements_covered_display": "100"}, "missing_lines": [], "excluded_lines": [], "start_line": 158}, "_make_effect": {"executed_lines": [193, 194, 195, 196], "summary": {"covered_lines": 4, "num_statements": 4, "percent_covered": 100.0, "percent_covered_display": "100", "missing_lines": 0, "excluded_lines": 0, "percent_statements_covered": 100.0, "percent_statements_covered_display": "100"}, "missing_lines": [], "excluded_lines": [], "start_line": 173}, "_collect_sentinel_classes": {"executed_lines": [227, 228, 229, 230, 231, 232, 233, 237, 240, 241, 242, 243, 244, 245, 246, 247, 248, 251], "summary": {"covered_lines": 18, "num_statements": 20, "percent_covered": 90.0, "percent_covered_display": "90", "missing_lines": 2, "excluded_lines": 0, "percent_statements_covered": 90.0, "percent_statements_covered_display": "90"}, "missing_lines": [234, 236], "excluded_lines": [], "start_line": 211}, "_sentinel_effects": {"executed_lines": [264, 265, 266, 267, 268, 278, 279], "summary": {"covered_lines": 7, "num_statements": 7, "percent_covered": 100.0, "percent_covered_display": "100", "missing_lines": 0, "excluded_lines": 0, "percent_statements_covered": 100.0, "percent_statements_covered_display": "100"}, "missing_lines": [], "excluded_lines": [], "start_line": 254}, "_FunctionVisitor.__init__": {"executed_lines": [316, 317, 318, 319, 320, 321, 322, 324, 326, 327], "summary": {"covered_lines": 10, "num_statements": 10, "percent_covered": 100.0, "percent_covered_display": "100", "missing_lines": 0, "excluded_lines": 0, "percent_statements_covered": 100.0, "percent_statements_covered_display": "100"}, "missing_lines": [], "excluded_lines": [], "start_line": 298}, "_FunctionVisitor.effects": {"executed_lines": [332], "summary": {"covered_lines": 1, "num_statements": 1, "percent_covered": 100.0, "percent_covered_display": "100", "missing_lines": 0, "excluded_lines": 0, "percent_statements_covered": 100.0, "percent_statements_covered_display": "100"}, "missing_lines": [], "excluded_lines": [], "start_line": 330}, "_FunctionVisitor._add": {"executed_lines": [342], "summary": {"covered_lines": 1, "num_statements": 1, "percent_covered": 100.0, "percent_covered_display": "100", "missing_lines": 0, "excluded_lines": 0, "percent_statements_covered": 100.0, "percent_statements_covered_display": "100"}, "missing_lines": [], "excluded_lines": [], "start_line": 334}, "_FunctionVisitor.visit_FunctionDef": {"executed_lines": [358, 359, 360, 361, 362], "summary": {"covered_lines": 5, "num_statements": 5, "percent_covered": 100.0, "percent_covered_display": "100", "missing_lines": 0, "excluded_lines": 0, "percent_statements_covered": 100.0, "percent_statements_covered_display": "100"}, "missing_lines": [], "excluded_lines": [], "start_line": 356}, "_FunctionVisitor.visit_AsyncFunctionDef": {"executed_lines": [], "summary": {"covered_lines": 0, "num_statements": 5, "percent_covered": 0.0, "percent_covered_display": "0", "missing_lines": 5, "excluded_lines": 0, "percent_statements_covered": 0.0, "percent_statements_covered_display": "0"}, "missing_lines": [366, 367, 368, 369, 370], "excluded_lines": [], "start_line": 364}, "_FunctionVisitor.visit_Return": {"executed_lines": [385, 390, 392, 394, 399, 401, 408, 409, 411], "summary": {"covered_lines": 9, "num_statements": 11, "percent_covered": 81.81818181818181, "percent_covered_display": "82", "missing_lines": 2, "excluded_lines": 0, "percent_statements_covered": 81.81818181818181, "percent_statements_covered_display": "82"}, "missing_lines": [387, 388], "excluded_lines": [], "start_line": 376}, "_FunctionVisitor.visit_Raise": {"executed_lines": [424, 425, 426, 427, 428, 429, 434, 436, 437, 443, 455], "summary": {"covered_lines": 11, "num_statements": 12, "percent_covered": 91.66666666666667, "percent_covered_display": "92", "missing_lines": 1, "excluded_lines": 0, "percent_statements_covered": 91.66666666666667, "percent_statements_covered_display": "92"}, "missing_lines": [450], "excluded_lines": [], "start_line": 417}, "_FunctionVisitor._check_receiver_mutation": {"executed_lines": [463, 464, 469, 470], "summary": {"covered_lines": 4, "num_statements": 4, "percent_covered": 100.0, "percent_covered_display": "100", "missing_lines": 0, "excluded_lines": 0, "percent_statements_covered": 100.0, "percent_statements_covered_display": "100"}, "missing_lines": [], "excluded_lines": [], "start_line": 461}, "_FunctionVisitor._check_pointer_arg_mutation": {"executed_lines": [474, 475, 480, 481], "summary": {"covered_lines": 4, "num_statements": 4, "percent_covered": 100.0, "percent_covered_display": "100", "missing_lines": 0, "excluded_lines": 0, "percent_statements_covered": 100.0, "percent_statements_covered_display": "100"}, "missing_lines": [], "excluded_lines": [], "start_line": 472}, "_FunctionVisitor._check_env_var_mutation": {"executed_lines": [485, 486, 487, 488, 494, 495], "summary": {"covered_lines": 6, "num_statements": 6, "percent_covered": 100.0, "percent_covered_display": "100", "missing_lines": 0, "excluded_lines": 0, "percent_statements_covered": 100.0, "percent_statements_covered_display": "100"}, "missing_lines": [], "excluded_lines": [], "start_line": 483}, "_FunctionVisitor.visit_Assign": {"executed_lines": [499, 502, 503, 508, 509, 514, 515, 522, 523, 530], "summary": {"covered_lines": 10, "num_statements": 11, "percent_covered": 90.9090909090909, "percent_covered_display": "91", "missing_lines": 1, "excluded_lines": 0, "percent_statements_covered": 90.9090909090909, "percent_statements_covered_display": "91"}, "missing_lines": [524], "excluded_lines": [], "start_line": 497}, "_FunctionVisitor.visit_AugAssign": {"executed_lines": [534, 536, 546, 556, 557, 563], "summary": {"covered_lines": 6, "num_statements": 8, "percent_covered": 75.0, "percent_covered_display": "75", "missing_lines": 2, "excluded_lines": 0, "percent_statements_covered": 75.0, "percent_statements_covered_display": "75"}, "missing_lines": [541, 551], "excluded_lines": [], "start_line": 532}, "_FunctionVisitor.visit_Global": {"executed_lines": [571, 572], "summary": {"covered_lines": 2, "num_statements": 2, "percent_covered": 100.0, "percent_covered_display": "100", "missing_lines": 0, "excluded_lines": 0, "percent_statements_covered": 100.0, "percent_statements_covered_display": "100"}, "missing_lines": [], "excluded_lines": [], "start_line": 569}, "_FunctionVisitor.visit_Nonlocal": {"executed_lines": [587, 588, 589, 590], "summary": {"covered_lines": 4, "num_statements": 4, "percent_covered": 100.0, "percent_covered_display": "100", "missing_lines": 0, "excluded_lines": 0, "percent_statements_covered": 100.0, "percent_statements_covered_display": "100"}, "missing_lines": [], "excluded_lines": [], "start_line": 579}, "_FunctionVisitor._check_nonlocal_assignment": {"executed_lines": [], "summary": {"covered_lines": 0, "num_statements": 5, "percent_covered": 0.0, "percent_covered_display": "0", "missing_lines": 5, "excluded_lines": 0, "percent_statements_covered": 0.0, "percent_statements_covered_display": "0"}, "missing_lines": [594, 595, 596, 597, 598], "excluded_lines": [], "start_line": 592}, "_FunctionVisitor.visit_Call": {"executed_lines": [618, 621, 622, 623, 625, 626, 627, 630, 637, 642, 643, 646, 662, 663, 668, 669, 672, 673, 678, 679, 682, 694, 695, 700, 701, 704, 705, 710, 711, 714, 715, 720, 721, 724, 725, 730, 731, 734, 744, 754, 764, 774, 784, 794, 796, 797, 802, 803, 806, 807, 812, 813, 816, 817, 822, 823, 826, 827, 832, 833, 836, 837, 842, 843, 846, 847, 852, 853, 856, 857, 862, 863, 866, 867, 872, 873, 886, 887, 890, 891, 896, 897, 900, 910, 911, 912, 913, 918, 919, 922, 923, 928, 929, 931], "summary": {"covered_lines": 94, "num_statements": 126, "percent_covered": 74.60317460317461, "percent_covered_display": "75", "missing_lines": 32, "excluded_lines": 0, "percent_statements_covered": 74.60317460317461, "percent_statements_covered_display": "75"}, "missing_lines": [653, 658, 659, 684, 685, 690, 691, 735, 740, 741, 745, 750, 751, 755, 760, 761, 765, 770, 771, 775, 780, 781, 785, 790, 791, 876, 877, 882, 883, 901, 906, 907], "excluded_lines": [], "start_line": 604}, "_FunctionVisitor.visit_With": {"executed_lines": [939, 940, 941, 945, 946, 952, 958], "summary": {"covered_lines": 7, "num_statements": 7, "percent_covered": 100.0, "percent_covered_display": "100", "missing_lines": 0, "excluded_lines": 0, "percent_statements_covered": 100.0, "percent_statements_covered_display": "100"}, "missing_lines": [], "excluded_lines": [], "start_line": 937}, "_FunctionVisitor.collect_deferred_return_mutation": {"executed_lines": [980, 981, 983, 986, 987, 988, 989, 993, 994, 995, 996, 997, 998, 1002, 1003, 1004, 1017], "summary": {"covered_lines": 17, "num_statements": 20, "percent_covered": 85.0, "percent_covered_display": "85", "missing_lines": 3, "excluded_lines": 0, "percent_statements_covered": 85.0, "percent_statements_covered_display": "85"}, "missing_lines": [990, 999, 1000], "excluded_lines": [], "start_line": 964}, "_collect_return_names": {"executed_lines": [], "summary": {"covered_lines": 0, "num_statements": 6, "percent_covered": 0.0, "percent_covered_display": "0", "missing_lines": 6, "excluded_lines": 0, "percent_statements_covered": 0.0, "percent_statements_covered_display": "0"}, "missing_lines": [1031, 1032, 1033, 1034, 1035, 1036], "excluded_lines": [], "start_line": 1020}, "_collect_return_names_excluding_finally": {"executed_lines": [1052, 1053, 1054, 1055, 1056, 1058, 1059, 1061, 1063, 1065, 1068, 1069, 1070, 1071], "summary": {"covered_lines": 14, "num_statements": 15, "percent_covered": 93.33333333333333, "percent_covered_display": "93", "missing_lines": 1, "excluded_lines": 0, "percent_statements_covered": 93.33333333333333, "percent_statements_covered_display": "93"}, "missing_lines": [1060], "excluded_lines": [], "start_line": 1039}, "_extract_open_mode": {"executed_lines": [1087, 1088, 1089, 1090, 1091], "summary": {"covered_lines": 5, "num_statements": 9, "percent_covered": 55.55555555555556, "percent_covered_display": "56", "missing_lines": 4, "excluded_lines": 0, "percent_statements_covered": 55.55555555555556, "percent_statements_covered_display": "56"}, "missing_lines": [1093, 1094, 1095, 1096], "excluded_lines": [], "start_line": 1074}, "_is_annotation_none": {"executed_lines": [1108, 1109, 1110], "summary": {"covered_lines": 3, "num_statements": 3, "percent_covered": 100.0, "percent_covered_display": "100", "missing_lines": 0, "excluded_lines": 0, "percent_statements_covered": 100.0, "percent_statements_covered_display": "100"}, "missing_lines": [], "excluded_lines": [], "start_line": 1099}, "_extract_params": {"executed_lines": [1125, 1126, 1127, 1128, 1129, 1130, 1132, 1134], "summary": {"covered_lines": 8, "num_statements": 10, "percent_covered": 80.0, "percent_covered_display": "80", "missing_lines": 2, "excluded_lines": 0, "percent_statements_covered": 80.0, "percent_statements_covered_display": "80"}, "missing_lines": [1131, 1133], "excluded_lines": [], "start_line": 1113}, "_walk_functions": {"executed_lines": [], "summary": {"covered_lines": 0, "num_statements": 5, "percent_covered": 0.0, "percent_covered_display": "0", "missing_lines": 5, "excluded_lines": 0, "percent_statements_covered": 0.0, "percent_statements_covered_display": "0"}, "missing_lines": [1153, 1154, 1155, 1156, 1157], "excluded_lines": [], "start_line": 1142}, "_ClosureVisitor.__init__": {"executed_lines": [1176, 1177, 1178, 1179, 1180], "summary": {"covered_lines": 5, "num_statements": 5, "percent_covered": 100.0, "percent_covered_display": "100", "missing_lines": 0, "excluded_lines": 0, "percent_statements_covered": 100.0, "percent_statements_covered_display": "100"}, "missing_lines": [], "excluded_lines": [], "start_line": 1175}, "_ClosureVisitor.effects": {"executed_lines": [1185], "summary": {"covered_lines": 1, "num_statements": 1, "percent_covered": 100.0, "percent_covered_display": "100", "missing_lines": 0, "excluded_lines": 0, "percent_statements_covered": 100.0, "percent_statements_covered_display": "100"}, "missing_lines": [], "excluded_lines": [], "start_line": 1183}, "_ClosureVisitor.visit_body": {"executed_lines": [1196, 1197, 1198, 1199], "summary": {"covered_lines": 4, "num_statements": 4, "percent_covered": 100.0, "percent_covered_display": "100", "missing_lines": 0, "excluded_lines": 0, "percent_statements_covered": 100.0, "percent_statements_covered_display": "100"}, "missing_lines": [], "excluded_lines": [], "start_line": 1187}, "_ClosureVisitor.visit_Nonlocal": {"executed_lines": [1203, 1204], "summary": {"covered_lines": 2, "num_statements": 2, "percent_covered": 100.0, "percent_covered_display": "100", "missing_lines": 0, "excluded_lines": 0, "percent_statements_covered": 100.0, "percent_statements_covered_display": "100"}, "missing_lines": [], "excluded_lines": [], "start_line": 1201}, "_ClosureVisitor.visit_Assign": {"executed_lines": [1208, 1209, 1210, 1222], "summary": {"covered_lines": 4, "num_statements": 4, "percent_covered": 100.0, "percent_covered_display": "100", "missing_lines": 0, "excluded_lines": 0, "percent_statements_covered": 100.0, "percent_statements_covered_display": "100"}, "missing_lines": [], "excluded_lines": [], "start_line": 1206}, "_ClosureVisitor.visit_AugAssign": {"executed_lines": [], "summary": {"covered_lines": 0, "num_statements": 3, "percent_covered": 0.0, "percent_covered_display": "0", "missing_lines": 3, "excluded_lines": 0, "percent_statements_covered": 0.0, "percent_statements_covered_display": "0"}, "missing_lines": [1226, 1227, 1239], "excluded_lines": [], "start_line": 1224}, "_ClosureVisitor.visit_FunctionDef": {"executed_lines": [], "summary": {"covered_lines": 0, "num_statements": 0, "percent_covered": 100.0, "percent_covered_display": "100", "missing_lines": 0, "excluded_lines": 0, "percent_statements_covered": 100.0, "percent_statements_covered_display": "100"}, "missing_lines": [], "excluded_lines": [], "start_line": 1242}, "_ClosureVisitor.visit_AsyncFunctionDef": {"executed_lines": [], "summary": {"covered_lines": 0, "num_statements": 0, "percent_covered": 100.0, "percent_covered_display": "100", "missing_lines": 0, "excluded_lines": 0, "percent_statements_covered": 100.0, "percent_statements_covered_display": "100"}, "missing_lines": [], "excluded_lines": [], "start_line": 1245}, "FileDetector.detect": {"executed_lines": [1290, 1292, 1293, 1294, 1295, 1298, 1299, 1304, 1307, 1308, 1309, 1317, 1321, 1322, 1323, 1325, 1326, 1327, 1328, 1331, 1333, 1335, 1339, 1340, 1341, 1344, 1351, 1353, 1354, 1357, 1360, 1361, 1364, 1372, 1374], "summary": {"covered_lines": 35, "num_statements": 38, "percent_covered": 92.10526315789474, "percent_covered_display": "92", "missing_lines": 3, "excluded_lines": 0, "percent_statements_covered": 92.10526315789474, "percent_statements_covered_display": "92"}, "missing_lines": [1300, 1302, 1362], "excluded_lines": [], "start_line": 1265}, "_has_nonlocal": {"executed_lines": [1388, 1389, 1390, 1391], "summary": {"covered_lines": 4, "num_statements": 4, "percent_covered": 100.0, "percent_covered_display": "100", "missing_lines": 0, "excluded_lines": 0, "percent_statements_covered": 100.0, "percent_statements_covered_display": "100"}, "missing_lines": [], "excluded_lines": [], "start_line": 1377}, "": {"executed_lines": [15, 17, 18, 19, 21, 22, 23, 24, 32, 71, 76, 79, 82, 85, 94, 103, 114, 123, 139, 158, 173, 211, 254, 287, 298, 329, 330, 334, 356, 364, 376, 417, 461, 472, 483, 497, 532, 569, 579, 592, 604, 937, 964, 1020, 1039, 1074, 1099, 1113, 1142, 1165, 1175, 1182, 1183, 1187, 1201, 1206, 1224, 1242, 1245, 1254, 1264, 1265, 1377], "summary": {"covered_lines": 63, "num_statements": 63, "percent_covered": 100.0, "percent_covered_display": "100", "missing_lines": 0, "excluded_lines": 0, "percent_statements_covered": 100.0, "percent_statements_covered_display": "100"}, "missing_lines": [], "excluded_lines": [], "start_line": 1}}, "classes": {"_FunctionVisitor": {"executed_lines": [316, 317, 318, 319, 320, 321, 322, 324, 326, 327, 332, 342, 358, 359, 360, 361, 362, 385, 390, 392, 394, 399, 401, 408, 409, 411, 424, 425, 426, 427, 428, 429, 434, 436, 437, 443, 455, 463, 464, 469, 470, 474, 475, 480, 481, 485, 486, 487, 488, 494, 495, 499, 502, 503, 508, 509, 514, 515, 522, 523, 530, 534, 536, 546, 556, 557, 563, 571, 572, 587, 588, 589, 590, 618, 621, 622, 623, 625, 626, 627, 630, 637, 642, 643, 646, 662, 663, 668, 669, 672, 673, 678, 679, 682, 694, 695, 700, 701, 704, 705, 710, 711, 714, 715, 720, 721, 724, 725, 730, 731, 734, 744, 754, 764, 774, 784, 794, 796, 797, 802, 803, 806, 807, 812, 813, 816, 817, 822, 823, 826, 827, 832, 833, 836, 837, 842, 843, 846, 847, 852, 853, 856, 857, 862, 863, 866, 867, 872, 873, 886, 887, 890, 891, 896, 897, 900, 910, 911, 912, 913, 918, 919, 922, 923, 928, 929, 931, 939, 940, 941, 945, 946, 952, 958, 980, 981, 983, 986, 987, 988, 989, 993, 994, 995, 996, 997, 998, 1002, 1003, 1004, 1017], "summary": {"covered_lines": 191, "num_statements": 242, "percent_covered": 78.92561983471074, "percent_covered_display": "79", "missing_lines": 51, "excluded_lines": 0, "percent_statements_covered": 78.92561983471074, "percent_statements_covered_display": "79"}, "missing_lines": [366, 367, 368, 369, 370, 387, 388, 450, 524, 541, 551, 594, 595, 596, 597, 598, 653, 658, 659, 684, 685, 690, 691, 735, 740, 741, 745, 750, 751, 755, 760, 761, 765, 770, 771, 775, 780, 781, 785, 790, 791, 876, 877, 882, 883, 901, 906, 907, 990, 999, 1000], "excluded_lines": [], "start_line": 287}, "_ClosureVisitor": {"executed_lines": [1176, 1177, 1178, 1179, 1180, 1185, 1196, 1197, 1198, 1199, 1203, 1204, 1208, 1209, 1210, 1222], "summary": {"covered_lines": 16, "num_statements": 19, "percent_covered": 84.21052631578948, "percent_covered_display": "84", "missing_lines": 3, "excluded_lines": 0, "percent_statements_covered": 84.21052631578948, "percent_statements_covered_display": "84"}, "missing_lines": [1226, 1227, 1239], "excluded_lines": [], "start_line": 1165}, "FileDetector": {"executed_lines": [1290, 1292, 1293, 1294, 1295, 1298, 1299, 1304, 1307, 1308, 1309, 1317, 1321, 1322, 1323, 1325, 1326, 1327, 1328, 1331, 1333, 1335, 1339, 1340, 1341, 1344, 1351, 1353, 1354, 1357, 1360, 1361, 1364, 1372, 1374], "summary": {"covered_lines": 35, "num_statements": 38, "percent_covered": 92.10526315789474, "percent_covered_display": "92", "missing_lines": 3, "excluded_lines": 0, "percent_statements_covered": 92.10526315789474, "percent_statements_covered_display": "92"}, "missing_lines": [1300, 1302, 1362], "excluded_lines": [], "start_line": 1254}, "": {"executed_lines": [15, 17, 18, 19, 21, 22, 23, 24, 32, 71, 76, 79, 82, 85, 94, 103, 114, 123, 139, 153, 154, 155, 158, 168, 169, 170, 173, 193, 194, 195, 196, 211, 227, 228, 229, 230, 231, 232, 233, 237, 240, 241, 242, 243, 244, 245, 246, 247, 248, 251, 254, 264, 265, 266, 267, 268, 278, 279, 287, 298, 329, 330, 334, 356, 364, 376, 417, 461, 472, 483, 497, 532, 569, 579, 592, 604, 937, 964, 1020, 1039, 1052, 1053, 1054, 1055, 1056, 1058, 1059, 1061, 1063, 1065, 1068, 1069, 1070, 1071, 1074, 1087, 1088, 1089, 1090, 1091, 1099, 1108, 1109, 1110, 1113, 1125, 1126, 1127, 1128, 1129, 1130, 1132, 1134, 1142, 1165, 1175, 1182, 1183, 1187, 1201, 1206, 1224, 1242, 1245, 1254, 1264, 1265, 1377, 1388, 1389, 1390, 1391], "summary": {"covered_lines": 132, "num_statements": 152, "percent_covered": 86.84210526315789, "percent_covered_display": "87", "missing_lines": 20, "excluded_lines": 0, "percent_statements_covered": 86.84210526315789, "percent_statements_covered_display": "87"}, "missing_lines": [234, 236, 1031, 1032, 1033, 1034, 1035, 1036, 1060, 1093, 1094, 1095, 1096, 1131, 1133, 1153, 1154, 1155, 1156, 1157], "excluded_lines": [], "start_line": 1}}}, "src/gaze_py/classify/__init__.py": {"executed_lines": [], "summary": {"covered_lines": 0, "num_statements": 0, "percent_covered": 100.0, "percent_covered_display": "100", "missing_lines": 0, "excluded_lines": 0, "percent_statements_covered": 100.0, "percent_statements_covered_display": "100"}, "missing_lines": [], "excluded_lines": [], "functions": {"": {"executed_lines": [], "summary": {"covered_lines": 0, "num_statements": 0, "percent_covered": 100.0, "percent_covered_display": "100", "missing_lines": 0, "excluded_lines": 0, "percent_statements_covered": 100.0, "percent_statements_covered_display": "100"}, "missing_lines": [], "excluded_lines": [], "start_line": 1}}, "classes": {"": {"executed_lines": [], "summary": {"covered_lines": 0, "num_statements": 0, "percent_covered": 100.0, "percent_covered_display": "100", "missing_lines": 0, "excluded_lines": 0, "percent_statements_covered": 100.0, "percent_statements_covered_display": "100"}, "missing_lines": [], "excluded_lines": [], "start_line": 1}}}, "src/gaze_py/classify/engine.py": {"executed_lines": [10, 12, 13, 14, 15, 16, 17, 18, 19, 22, 25, 34, 37, 38, 41, 51, 58, 60, 92, 95, 96, 97, 100, 105, 106, 109, 110, 111, 114, 115, 116, 119, 120, 121, 124, 125, 126, 127, 130, 131, 132, 133, 136, 139, 145, 152, 173, 174, 175, 176, 177], "summary": {"covered_lines": 51, "num_statements": 51, "percent_covered": 100.0, "percent_covered_display": "100", "missing_lines": 0, "excluded_lines": 0, "percent_statements_covered": 100.0, "percent_statements_covered_display": "100"}, "missing_lines": [], "excluded_lines": [], "functions": {"ClassificationEngine.__init__": {"executed_lines": [58], "summary": {"covered_lines": 1, "num_statements": 1, "percent_covered": 100.0, "percent_covered_display": "100", "missing_lines": 0, "excluded_lines": 0, "percent_statements_covered": 100.0, "percent_statements_covered_display": "100"}, "missing_lines": [], "excluded_lines": [], "start_line": 51}, "ClassificationEngine.classify": {"executed_lines": [92, 95, 96, 97, 100, 105, 106, 109, 110, 111, 114, 115, 116, 119, 120, 121, 124, 125, 126, 127, 130, 131, 132, 133, 136, 139, 145], "summary": {"covered_lines": 27, "num_statements": 27, "percent_covered": 100.0, "percent_covered_display": "100", "missing_lines": 0, "excluded_lines": 0, "percent_statements_covered": 100.0, "percent_statements_covered_display": "100"}, "missing_lines": [], "excluded_lines": [], "start_line": 60}, "_assign_label": {"executed_lines": [173, 174, 175, 176, 177], "summary": {"covered_lines": 5, "num_statements": 5, "percent_covered": 100.0, "percent_covered_display": "100", "missing_lines": 0, "excluded_lines": 0, "percent_statements_covered": 100.0, "percent_statements_covered_display": "100"}, "missing_lines": [], "excluded_lines": [], "start_line": 152}, "": {"executed_lines": [10, 12, 13, 14, 15, 16, 17, 18, 19, 22, 25, 34, 37, 38, 41, 51, 60, 152], "summary": {"covered_lines": 18, "num_statements": 18, "percent_covered": 100.0, "percent_covered_display": "100", "missing_lines": 0, "excluded_lines": 0, "percent_statements_covered": 100.0, "percent_statements_covered_display": "100"}, "missing_lines": [], "excluded_lines": [], "start_line": 1}}, "classes": {"ClassificationEngine": {"executed_lines": [58, 92, 95, 96, 97, 100, 105, 106, 109, 110, 111, 114, 115, 116, 119, 120, 121, 124, 125, 126, 127, 130, 131, 132, 133, 136, 139, 145], "summary": {"covered_lines": 28, "num_statements": 28, "percent_covered": 100.0, "percent_covered_display": "100", "missing_lines": 0, "excluded_lines": 0, "percent_statements_covered": 100.0, "percent_statements_covered_display": "100"}, "missing_lines": [], "excluded_lines": [], "start_line": 41}, "": {"executed_lines": [10, 12, 13, 14, 15, 16, 17, 18, 19, 22, 25, 34, 37, 38, 41, 51, 60, 152, 173, 174, 175, 176, 177], "summary": {"covered_lines": 23, "num_statements": 23, "percent_covered": 100.0, "percent_covered_display": "100", "missing_lines": 0, "excluded_lines": 0, "percent_statements_covered": 100.0, "percent_statements_covered_display": "100"}, "missing_lines": [], "excluded_lines": [], "start_line": 1}}}, "src/gaze_py/classify/signals/__init__.py": {"executed_lines": [], "summary": {"covered_lines": 0, "num_statements": 0, "percent_covered": 100.0, "percent_covered_display": "100", "missing_lines": 0, "excluded_lines": 0, "percent_statements_covered": 100.0, "percent_statements_covered_display": "100"}, "missing_lines": [], "excluded_lines": [], "functions": {"": {"executed_lines": [], "summary": {"covered_lines": 0, "num_statements": 0, "percent_covered": 100.0, "percent_covered_display": "100", "missing_lines": 0, "excluded_lines": 0, "percent_statements_covered": 100.0, "percent_statements_covered_display": "100"}, "missing_lines": [], "excluded_lines": [], "start_line": 1}}, "classes": {"": {"executed_lines": [], "summary": {"covered_lines": 0, "num_statements": 0, "percent_covered": 100.0, "percent_covered_display": "100", "missing_lines": 0, "excluded_lines": 0, "percent_statements_covered": 100.0, "percent_statements_covered_display": "100"}, "missing_lines": [], "excluded_lines": [], "start_line": 1}}}, "src/gaze_py/classify/signals/caller.py": {"executed_lines": [13, 15, 18, 19, 21, 22, 23, 26, 42, 43, 44, 45, 46, 47, 48], "summary": {"covered_lines": 15, "num_statements": 15, "percent_covered": 100.0, "percent_covered_display": "100", "missing_lines": 0, "excluded_lines": 0, "percent_statements_covered": 100.0, "percent_statements_covered_display": "100"}, "missing_lines": [], "excluded_lines": [], "functions": {"caller_signal": {"executed_lines": [42, 43, 44, 45, 46, 47, 48], "summary": {"covered_lines": 7, "num_statements": 7, "percent_covered": 100.0, "percent_covered_display": "100", "missing_lines": 0, "excluded_lines": 0, "percent_statements_covered": 100.0, "percent_statements_covered_display": "100"}, "missing_lines": [], "excluded_lines": [], "start_line": 26}, "": {"executed_lines": [13, 15, 18, 19, 21, 22, 23, 26], "summary": {"covered_lines": 8, "num_statements": 8, "percent_covered": 100.0, "percent_covered_display": "100", "missing_lines": 0, "excluded_lines": 0, "percent_statements_covered": 100.0, "percent_statements_covered_display": "100"}, "missing_lines": [], "excluded_lines": [], "start_line": 1}}, "classes": {"": {"executed_lines": [13, 15, 18, 19, 21, 22, 23, 26, 42, 43, 44, 45, 46, 47, 48], "summary": {"covered_lines": 15, "num_statements": 15, "percent_covered": 100.0, "percent_covered_display": "100", "missing_lines": 0, "excluded_lines": 0, "percent_statements_covered": 100.0, "percent_statements_covered_display": "100"}, "missing_lines": [], "excluded_lines": [], "start_line": 1}}}, "src/gaze_py/classify/signals/docstring.py": {"executed_lines": [14, 16, 17, 22, 90, 101, 102, 103, 106, 128, 129, 131, 132, 135, 136, 137, 138, 139, 142, 143, 144, 146, 148, 151, 154, 155, 157], "summary": {"covered_lines": 27, "num_statements": 27, "percent_covered": 100.0, "percent_covered_display": "100", "missing_lines": 0, "excluded_lines": 0, "percent_statements_covered": 100.0, "percent_statements_covered_display": "100"}, "missing_lines": [], "excluded_lines": [], "functions": {"docstring_signal": {"executed_lines": [128, 129, 131, 132, 135, 136, 137, 138, 139, 142, 143, 144, 146, 148, 151, 154, 155, 157], "summary": {"covered_lines": 18, "num_statements": 18, "percent_covered": 100.0, "percent_covered_display": "100", "missing_lines": 0, "excluded_lines": 0, "percent_statements_covered": 100.0, "percent_statements_covered_display": "100"}, "missing_lines": [], "excluded_lines": [], "start_line": 106}, "": {"executed_lines": [14, 16, 17, 22, 90, 101, 102, 103, 106], "summary": {"covered_lines": 9, "num_statements": 9, "percent_covered": 100.0, "percent_covered_display": "100", "missing_lines": 0, "excluded_lines": 0, "percent_statements_covered": 100.0, "percent_statements_covered_display": "100"}, "missing_lines": [], "excluded_lines": [], "start_line": 1}}, "classes": {"": {"executed_lines": [14, 16, 17, 22, 90, 101, 102, 103, 106, 128, 129, 131, 132, 135, 136, 137, 138, 139, 142, 143, 144, 146, 148, 151, 154, 155, 157], "summary": {"covered_lines": 27, "num_statements": 27, "percent_covered": 100.0, "percent_covered_display": "100", "missing_lines": 0, "excluded_lines": 0, "percent_statements_covered": 100.0, "percent_statements_covered_display": "100"}, "missing_lines": [], "excluded_lines": [], "start_line": 1}}}, "src/gaze_py/classify/signals/interface.py": {"executed_lines": [14, 16, 20, 22, 25, 42, 43, 45, 46, 47, 49], "summary": {"covered_lines": 11, "num_statements": 11, "percent_covered": 100.0, "percent_covered_display": "100", "missing_lines": 0, "excluded_lines": 0, "percent_statements_covered": 100.0, "percent_statements_covered_display": "100"}, "missing_lines": [], "excluded_lines": [], "functions": {"interface_signal": {"executed_lines": [42, 43, 45, 46, 47, 49], "summary": {"covered_lines": 6, "num_statements": 6, "percent_covered": 100.0, "percent_covered_display": "100", "missing_lines": 0, "excluded_lines": 0, "percent_statements_covered": 100.0, "percent_statements_covered_display": "100"}, "missing_lines": [], "excluded_lines": [], "start_line": 25}, "": {"executed_lines": [14, 16, 20, 22, 25], "summary": {"covered_lines": 5, "num_statements": 5, "percent_covered": 100.0, "percent_covered_display": "100", "missing_lines": 0, "excluded_lines": 0, "percent_statements_covered": 100.0, "percent_statements_covered_display": "100"}, "missing_lines": [], "excluded_lines": [], "start_line": 1}}, "classes": {"": {"executed_lines": [14, 16, 20, 22, 25, 42, 43, 45, 46, 47, 49], "summary": {"covered_lines": 11, "num_statements": 11, "percent_covered": 100.0, "percent_covered_display": "100", "missing_lines": 0, "excluded_lines": 0, "percent_statements_covered": 100.0, "percent_statements_covered_display": "100"}, "missing_lines": [], "excluded_lines": [], "start_line": 1}}}, "src/gaze_py/classify/signals/naming.py": {"executed_lines": [12, 14, 15, 20, 119, 134, 135, 136, 139, 140, 143, 167, 168, 171, 174, 175, 176, 179, 180, 182, 183, 185, 187], "summary": {"covered_lines": 23, "num_statements": 23, "percent_covered": 100.0, "percent_covered_display": "100", "missing_lines": 0, "excluded_lines": 0, "percent_statements_covered": 100.0, "percent_statements_covered_display": "100"}, "missing_lines": [], "excluded_lines": [], "functions": {"naming_signal": {"executed_lines": [167, 168, 171, 174, 175, 176, 179, 180, 182, 183, 185, 187], "summary": {"covered_lines": 12, "num_statements": 12, "percent_covered": 100.0, "percent_covered_display": "100", "missing_lines": 0, "excluded_lines": 0, "percent_statements_covered": 100.0, "percent_statements_covered_display": "100"}, "missing_lines": [], "excluded_lines": [], "start_line": 143}, "": {"executed_lines": [12, 14, 15, 20, 119, 134, 135, 136, 139, 140, 143], "summary": {"covered_lines": 11, "num_statements": 11, "percent_covered": 100.0, "percent_covered_display": "100", "missing_lines": 0, "excluded_lines": 0, "percent_statements_covered": 100.0, "percent_statements_covered_display": "100"}, "missing_lines": [], "excluded_lines": [], "start_line": 1}}, "classes": {"": {"executed_lines": [12, 14, 15, 20, 119, 134, 135, 136, 139, 140, 143, 167, 168, 171, 174, 175, 176, 179, 180, 182, 183, 185, 187], "summary": {"covered_lines": 23, "num_statements": 23, "percent_covered": 100.0, "percent_covered_display": "100", "missing_lines": 0, "excluded_lines": 0, "percent_statements_covered": 100.0, "percent_statements_covered_display": "100"}, "missing_lines": [], "excluded_lines": [], "start_line": 1}}}, "src/gaze_py/classify/signals/visibility.py": {"executed_lines": [16, 18, 20, 21, 22, 23, 26, 56, 57, 59, 61, 62, 64, 65, 68, 69, 72, 85, 86, 90, 91], "summary": {"covered_lines": 21, "num_statements": 22, "percent_covered": 95.45454545454545, "percent_covered_display": "95", "missing_lines": 1, "excluded_lines": 0, "percent_statements_covered": 95.45454545454545, "percent_statements_covered_display": "95"}, "missing_lines": [87], "excluded_lines": [], "functions": {"visibility_signal": {"executed_lines": [56, 57, 59, 61, 62, 64, 65, 68, 69], "summary": {"covered_lines": 9, "num_statements": 9, "percent_covered": 100.0, "percent_covered_display": "100", "missing_lines": 0, "excluded_lines": 0, "percent_statements_covered": 100.0, "percent_statements_covered_display": "100"}, "missing_lines": [], "excluded_lines": [], "start_line": 26}, "_is_public_type": {"executed_lines": [85, 86, 90, 91], "summary": {"covered_lines": 4, "num_statements": 5, "percent_covered": 80.0, "percent_covered_display": "80", "missing_lines": 1, "excluded_lines": 0, "percent_statements_covered": 80.0, "percent_statements_covered_display": "80"}, "missing_lines": [87], "excluded_lines": [], "start_line": 72}, "": {"executed_lines": [16, 18, 20, 21, 22, 23, 26, 72], "summary": {"covered_lines": 8, "num_statements": 8, "percent_covered": 100.0, "percent_covered_display": "100", "missing_lines": 0, "excluded_lines": 0, "percent_statements_covered": 100.0, "percent_statements_covered_display": "100"}, "missing_lines": [], "excluded_lines": [], "start_line": 1}}, "classes": {"": {"executed_lines": [16, 18, 20, 21, 22, 23, 26, 56, 57, 59, 61, 62, 64, 65, 68, 69, 72, 85, 86, 90, 91], "summary": {"covered_lines": 21, "num_statements": 22, "percent_covered": 95.45454545454545, "percent_covered_display": "95", "missing_lines": 1, "excluded_lines": 0, "percent_statements_covered": 95.45454545454545, "percent_statements_covered_display": "95"}, "missing_lines": [87], "excluded_lines": [], "start_line": 1}}}, "src/gaze_py/cli/__init__.py": {"executed_lines": [], "summary": {"covered_lines": 0, "num_statements": 0, "percent_covered": 100.0, "percent_covered_display": "100", "missing_lines": 0, "excluded_lines": 0, "percent_statements_covered": 100.0, "percent_statements_covered_display": "100"}, "missing_lines": [], "excluded_lines": [], "functions": {"": {"executed_lines": [], "summary": {"covered_lines": 0, "num_statements": 0, "percent_covered": 100.0, "percent_covered_display": "100", "missing_lines": 0, "excluded_lines": 0, "percent_statements_covered": 100.0, "percent_statements_covered_display": "100"}, "missing_lines": [], "excluded_lines": [], "start_line": 1}}, "classes": {"": {"executed_lines": [], "summary": {"covered_lines": 0, "num_statements": 0, "percent_covered": 100.0, "percent_covered_display": "100", "missing_lines": 0, "excluded_lines": 0, "percent_statements_covered": 100.0, "percent_statements_covered_display": "100"}, "missing_lines": [], "excluded_lines": [], "start_line": 1}}}, "src/gaze_py/cli/main.py": {"executed_lines": [15, 17, 18, 19, 21, 23, 24, 25, 26, 32, 33, 34, 35, 38, 39, 43, 44, 45, 53, 60, 69, 70, 71, 72, 74, 75, 77, 78, 81, 82, 83, 84, 92, 99, 109, 114, 115, 119, 120, 122, 123, 131, 146, 147, 149, 151, 152, 156, 158, 159, 160, 161, 162, 164, 173, 174, 175, 176, 177, 182, 183, 184, 186, 189, 198, 199, 200, 203, 221, 222, 223, 224, 227, 228, 229, 231, 234, 247, 248, 257, 258, 259, 261, 273, 289, 294, 295, 297, 300, 301, 302, 307, 309, 323, 338, 339, 341, 342, 344, 345, 346, 347, 348, 349, 351, 353, 355, 356, 357, 359, 361, 362, 365, 372, 373, 375, 383, 389, 390, 394, 395, 398, 400, 401, 402, 403, 404, 407, 411, 412, 413, 418, 419], "summary": {"covered_lines": 133, "num_statements": 140, "percent_covered": 95.0, "percent_covered_display": "95", "missing_lines": 7, "excluded_lines": 0, "percent_statements_covered": 95.0, "percent_statements_covered_display": "95"}, "missing_lines": [116, 117, 165, 170, 226, 414, 415], "excluded_lines": [], "functions": {"cli": {"executed_lines": [], "summary": {"covered_lines": 0, "num_statements": 0, "percent_covered": 100.0, "percent_covered_display": "100", "missing_lines": 0, "excluded_lines": 0, "percent_statements_covered": 100.0, "percent_statements_covered_display": "100"}, "missing_lines": [], "excluded_lines": [], "start_line": 39}, "analyze": {"executed_lines": [69, 70, 71, 72, 74, 75, 77, 78], "summary": {"covered_lines": 8, "num_statements": 8, "percent_covered": 100.0, "percent_covered_display": "100", "missing_lines": 0, "excluded_lines": 0, "percent_statements_covered": 100.0, "percent_statements_covered_display": "100"}, "missing_lines": [], "excluded_lines": [], "start_line": 60}, "report": {"executed_lines": [109, 114, 115, 119, 120, 122, 123], "summary": {"covered_lines": 7, "num_statements": 9, "percent_covered": 77.77777777777777, "percent_covered_display": "78", "missing_lines": 2, "excluded_lines": 0, "percent_statements_covered": 77.77777777777777, "percent_statements_covered_display": "78"}, "missing_lines": [116, 117], "excluded_lines": [], "start_line": 99}, "_load_coverage_json": {"executed_lines": [146, 147, 149, 151, 152, 156, 158, 159, 160, 161, 162, 164, 173, 174, 175, 176, 177, 182, 183, 184, 186], "summary": {"covered_lines": 21, "num_statements": 23, "percent_covered": 91.30434782608695, "percent_covered_display": "91", "missing_lines": 2, "excluded_lines": 0, "percent_statements_covered": 91.30434782608695, "percent_statements_covered_display": "91"}, "missing_lines": [165, 170], "excluded_lines": [], "start_line": 131}, "_collect_py_files": {"executed_lines": [198, 199, 200], "summary": {"covered_lines": 3, "num_statements": 3, "percent_covered": 100.0, "percent_covered_display": "100", "missing_lines": 0, "excluded_lines": 0, "percent_statements_covered": 100.0, "percent_statements_covered_display": "100"}, "missing_lines": [], "excluded_lines": [], "start_line": 189}, "_resolve_line_coverage": {"executed_lines": [221, 222, 223, 224, 227, 228, 229, 231], "summary": {"covered_lines": 8, "num_statements": 9, "percent_covered": 88.88888888888889, "percent_covered_display": "89", "missing_lines": 1, "excluded_lines": 0, "percent_statements_covered": 88.88888888888889, "percent_statements_covered_display": "89"}, "missing_lines": [226], "excluded_lines": [], "start_line": 203}, "_score_target": {"executed_lines": [247, 248, 257, 258, 259, 261], "summary": {"covered_lines": 6, "num_statements": 6, "percent_covered": 100.0, "percent_covered_display": "100", "missing_lines": 0, "excluded_lines": 0, "percent_statements_covered": 100.0, "percent_statements_covered_display": "100"}, "missing_lines": [], "excluded_lines": [], "start_line": 234}, "_build_summary": {"executed_lines": [289, 294, 295, 297, 300, 301, 302, 307, 309], "summary": {"covered_lines": 9, "num_statements": 9, "percent_covered": 100.0, "percent_covered_display": "100", "missing_lines": 0, "excluded_lines": 0, "percent_statements_covered": 100.0, "percent_statements_covered_display": "100"}, "missing_lines": [], "excluded_lines": [], "start_line": 273}, "_run_pipeline": {"executed_lines": [338, 339, 341, 342, 344, 345, 346, 347, 348, 349, 351, 353, 355, 356, 357, 359, 361, 362], "summary": {"covered_lines": 18, "num_statements": 18, "percent_covered": 100.0, "percent_covered_display": "100", "missing_lines": 0, "excluded_lines": 0, "percent_statements_covered": 100.0, "percent_statements_covered_display": "100"}, "missing_lines": [], "excluded_lines": [], "start_line": 323}, "_emit": {"executed_lines": [372, 373, 375], "summary": {"covered_lines": 3, "num_statements": 3, "percent_covered": 100.0, "percent_covered_display": "100", "missing_lines": 0, "excluded_lines": 0, "percent_statements_covered": 100.0, "percent_statements_covered_display": "100"}, "missing_lines": [], "excluded_lines": [], "start_line": 365}, "_handle_gaze_config_error": {"executed_lines": [389, 390], "summary": {"covered_lines": 2, "num_statements": 2, "percent_covered": 100.0, "percent_covered_display": "100", "missing_lines": 0, "excluded_lines": 0, "percent_statements_covered": 100.0, "percent_statements_covered_display": "100"}, "missing_lines": [], "excluded_lines": [], "start_line": 383}, "_analyze_with_error_handling": {"executed_lines": [400, 401, 402, 403, 404], "summary": {"covered_lines": 5, "num_statements": 5, "percent_covered": 100.0, "percent_covered_display": "100", "missing_lines": 0, "excluded_lines": 0, "percent_statements_covered": 100.0, "percent_statements_covered_display": "100"}, "missing_lines": [], "excluded_lines": [], "start_line": 398}, "_report_with_error_handling": {"executed_lines": [411, 412, 413], "summary": {"covered_lines": 3, "num_statements": 5, "percent_covered": 60.0, "percent_covered_display": "60", "missing_lines": 2, "excluded_lines": 0, "percent_statements_covered": 60.0, "percent_statements_covered_display": "60"}, "missing_lines": [414, 415], "excluded_lines": [], "start_line": 407}, "": {"executed_lines": [15, 17, 18, 19, 21, 23, 24, 25, 26, 32, 33, 34, 35, 38, 39, 43, 44, 45, 53, 60, 81, 82, 83, 84, 92, 99, 131, 189, 203, 234, 273, 323, 365, 383, 394, 395, 398, 407, 418, 419], "summary": {"covered_lines": 40, "num_statements": 40, "percent_covered": 100.0, "percent_covered_display": "100", "missing_lines": 0, "excluded_lines": 0, "percent_statements_covered": 100.0, "percent_statements_covered_display": "100"}, "missing_lines": [], "excluded_lines": [], "start_line": 1}}, "classes": {"": {"executed_lines": [15, 17, 18, 19, 21, 23, 24, 25, 26, 32, 33, 34, 35, 38, 39, 43, 44, 45, 53, 60, 69, 70, 71, 72, 74, 75, 77, 78, 81, 82, 83, 84, 92, 99, 109, 114, 115, 119, 120, 122, 123, 131, 146, 147, 149, 151, 152, 156, 158, 159, 160, 161, 162, 164, 173, 174, 175, 176, 177, 182, 183, 184, 186, 189, 198, 199, 200, 203, 221, 222, 223, 224, 227, 228, 229, 231, 234, 247, 248, 257, 258, 259, 261, 273, 289, 294, 295, 297, 300, 301, 302, 307, 309, 323, 338, 339, 341, 342, 344, 345, 346, 347, 348, 349, 351, 353, 355, 356, 357, 359, 361, 362, 365, 372, 373, 375, 383, 389, 390, 394, 395, 398, 400, 401, 402, 403, 404, 407, 411, 412, 413, 418, 419], "summary": {"covered_lines": 133, "num_statements": 140, "percent_covered": 95.0, "percent_covered_display": "95", "missing_lines": 7, "excluded_lines": 0, "percent_statements_covered": 95.0, "percent_statements_covered_display": "95"}, "missing_lines": [116, 117, 165, 170, 226, 414, 415], "excluded_lines": [], "start_line": 1}}}, "src/gaze_py/config/__init__.py": {"executed_lines": [], "summary": {"covered_lines": 0, "num_statements": 0, "percent_covered": 100.0, "percent_covered_display": "100", "missing_lines": 0, "excluded_lines": 0, "percent_statements_covered": 100.0, "percent_statements_covered_display": "100"}, "missing_lines": [], "excluded_lines": [], "functions": {"": {"executed_lines": [], "summary": {"covered_lines": 0, "num_statements": 0, "percent_covered": 100.0, "percent_covered_display": "100", "missing_lines": 0, "excluded_lines": 0, "percent_statements_covered": 100.0, "percent_statements_covered_display": "100"}, "missing_lines": [], "excluded_lines": [], "start_line": 1}}, "classes": {"": {"executed_lines": [], "summary": {"covered_lines": 0, "num_statements": 0, "percent_covered": 100.0, "percent_covered_display": "100", "missing_lines": 0, "excluded_lines": 0, "percent_statements_covered": 100.0, "percent_statements_covered_display": "100"}, "missing_lines": [], "excluded_lines": [], "start_line": 1}}}, "src/gaze_py/config/loader.py": {"executed_lines": [8, 10, 11, 13, 15, 19, 22, 23, 26, 27, 44, 45, 46, 47, 50, 69, 70, 71, 73, 74, 75, 76, 77, 78, 79, 80, 83, 84, 86, 87, 89, 91, 94, 108, 109, 113, 127, 128, 132, 147, 149, 150, 151, 152, 153, 154, 156, 157, 159, 160, 161, 162, 163, 164, 165, 166, 170, 171, 174, 184, 185, 188, 189, 192, 193, 194, 195], "summary": {"covered_lines": 67, "num_statements": 70, "percent_covered": 95.71428571428571, "percent_covered_display": "96", "missing_lines": 3, "excluded_lines": 0, "percent_statements_covered": 95.71428571428571, "percent_statements_covered_display": "96"}, "missing_lines": [88, 110, 129], "excluded_lines": [], "functions": {"load_config": {"executed_lines": [69, 70, 71, 73, 74, 75, 76, 77, 78, 79, 80, 83, 84, 86, 87, 89, 91], "summary": {"covered_lines": 17, "num_statements": 18, "percent_covered": 94.44444444444444, "percent_covered_display": "94", "missing_lines": 1, "excluded_lines": 0, "percent_statements_covered": 94.44444444444444, "percent_statements_covered_display": "94"}, "missing_lines": [88], "excluded_lines": [], "start_line": 50}, "_to_int": {"executed_lines": [108, 109], "summary": {"covered_lines": 2, "num_statements": 3, "percent_covered": 66.66666666666667, "percent_covered_display": "67", "missing_lines": 1, "excluded_lines": 0, "percent_statements_covered": 66.66666666666667, "percent_statements_covered_display": "67"}, "missing_lines": [110], "excluded_lines": [], "start_line": 94}, "_to_float": {"executed_lines": [127, 128], "summary": {"covered_lines": 2, "num_statements": 3, "percent_covered": 66.66666666666667, "percent_covered_display": "67", "missing_lines": 1, "excluded_lines": 0, "percent_statements_covered": 66.66666666666667, "percent_statements_covered_display": "67"}, "missing_lines": [129], "excluded_lines": [], "start_line": 113}, "_build_config": {"executed_lines": [147, 149, 150, 151, 152, 153, 154, 156, 157, 159, 160, 161, 162, 163, 164, 165, 166, 170, 171], "summary": {"covered_lines": 19, "num_statements": 19, "percent_covered": 100.0, "percent_covered_display": "100", "missing_lines": 0, "excluded_lines": 0, "percent_statements_covered": 100.0, "percent_statements_covered_display": "100"}, "missing_lines": [], "excluded_lines": [], "start_line": 132}, "_validate": {"executed_lines": [184, 185, 188, 189, 192, 193, 194, 195], "summary": {"covered_lines": 8, "num_statements": 8, "percent_covered": 100.0, "percent_covered_display": "100", "missing_lines": 0, "excluded_lines": 0, "percent_statements_covered": 100.0, "percent_statements_covered_display": "100"}, "missing_lines": [], "excluded_lines": [], "start_line": 174}, "": {"executed_lines": [8, 10, 11, 13, 15, 19, 22, 23, 26, 27, 44, 45, 46, 47, 50, 94, 113, 132, 174], "summary": {"covered_lines": 19, "num_statements": 19, "percent_covered": 100.0, "percent_covered_display": "100", "missing_lines": 0, "excluded_lines": 0, "percent_statements_covered": 100.0, "percent_statements_covered_display": "100"}, "missing_lines": [], "excluded_lines": [], "start_line": 1}}, "classes": {"GazeConfig": {"executed_lines": [], "summary": {"covered_lines": 0, "num_statements": 0, "percent_covered": 100.0, "percent_covered_display": "100", "missing_lines": 0, "excluded_lines": 0, "percent_statements_covered": 100.0, "percent_statements_covered_display": "100"}, "missing_lines": [], "excluded_lines": [], "start_line": 27}, "": {"executed_lines": [8, 10, 11, 13, 15, 19, 22, 23, 26, 27, 44, 45, 46, 47, 50, 69, 70, 71, 73, 74, 75, 76, 77, 78, 79, 80, 83, 84, 86, 87, 89, 91, 94, 108, 109, 113, 127, 128, 132, 147, 149, 150, 151, 152, 153, 154, 156, 157, 159, 160, 161, 162, 163, 164, 165, 166, 170, 171, 174, 184, 185, 188, 189, 192, 193, 194, 195], "summary": {"covered_lines": 67, "num_statements": 70, "percent_covered": 95.71428571428571, "percent_covered_display": "96", "missing_lines": 3, "excluded_lines": 0, "percent_statements_covered": 95.71428571428571, "percent_statements_covered_display": "96"}, "missing_lines": [88, 110, 129], "excluded_lines": [], "start_line": 1}}}, "src/gaze_py/crap/__init__.py": {"executed_lines": [], "summary": {"covered_lines": 0, "num_statements": 0, "percent_covered": 100.0, "percent_covered_display": "100", "missing_lines": 0, "excluded_lines": 0, "percent_statements_covered": 100.0, "percent_statements_covered_display": "100"}, "missing_lines": [], "excluded_lines": [], "functions": {"": {"executed_lines": [], "summary": {"covered_lines": 0, "num_statements": 0, "percent_covered": 100.0, "percent_covered_display": "100", "missing_lines": 0, "excluded_lines": 0, "percent_statements_covered": 100.0, "percent_statements_covered_display": "100"}, "missing_lines": [], "excluded_lines": [], "start_line": 1}}, "classes": {"": {"executed_lines": [], "summary": {"covered_lines": 0, "num_statements": 0, "percent_covered": 100.0, "percent_covered_display": "100", "missing_lines": 0, "excluded_lines": 0, "percent_statements_covered": 100.0, "percent_statements_covered_display": "100"}, "missing_lines": [], "excluded_lines": [], "start_line": 1}}}, "src/gaze_py/crap/scorer.py": {"executed_lines": [14, 16, 18, 25, 26, 27, 30, 44, 45, 46, 49, 61, 62, 63, 66, 82, 83, 84, 86, 87, 88, 89, 92, 113, 114, 116, 117, 119, 120, 121, 122, 123, 124, 125, 128, 158, 159, 161, 162, 164, 170, 172, 175, 192, 194, 195, 197, 198, 199, 200, 209, 210, 211, 212, 213, 215, 217], "summary": {"covered_lines": 57, "num_statements": 59, "percent_covered": 96.61016949152543, "percent_covered_display": "97", "missing_lines": 2, "excluded_lines": 0, "percent_statements_covered": 96.61016949152543, "percent_statements_covered_display": "97"}, "missing_lines": [85, 196], "excluded_lines": [], "functions": {"crap": {"executed_lines": [44, 45, 46], "summary": {"covered_lines": 3, "num_statements": 3, "percent_covered": 100.0, "percent_covered_display": "100", "missing_lines": 0, "excluded_lines": 0, "percent_statements_covered": 100.0, "percent_statements_covered_display": "100"}, "missing_lines": [], "excluded_lines": [], "start_line": 30}, "gaze_crap": {"executed_lines": [61, 62, 63], "summary": {"covered_lines": 3, "num_statements": 3, "percent_covered": 100.0, "percent_covered_display": "100", "missing_lines": 0, "excluded_lines": 0, "percent_statements_covered": 100.0, "percent_statements_covered_display": "100"}, "missing_lines": [], "excluded_lines": [], "start_line": 49}, "crapload": {"executed_lines": [82, 83, 84, 86, 87, 88, 89], "summary": {"covered_lines": 7, "num_statements": 8, "percent_covered": 87.5, "percent_covered_display": "88", "missing_lines": 1, "excluded_lines": 0, "percent_statements_covered": 87.5, "percent_statements_covered_display": "88"}, "missing_lines": [85], "excluded_lines": [], "start_line": 66}, "quadrant": {"executed_lines": [113, 114, 116, 117, 119, 120, 121, 122, 123, 124, 125], "summary": {"covered_lines": 11, "num_statements": 11, "percent_covered": 100.0, "percent_covered_display": "100", "missing_lines": 0, "excluded_lines": 0, "percent_statements_covered": 100.0, "percent_statements_covered_display": "100"}, "missing_lines": [], "excluded_lines": [], "start_line": 92}, "fix_strategy": {"executed_lines": [158, 159, 161, 162, 164, 170, 172], "summary": {"covered_lines": 7, "num_statements": 7, "percent_covered": 100.0, "percent_covered_display": "100", "missing_lines": 0, "excluded_lines": 0, "percent_statements_covered": 100.0, "percent_statements_covered_display": "100"}, "missing_lines": [], "excluded_lines": [], "start_line": 128}, "recommended_actions": {"executed_lines": [192, 194, 195, 197, 198, 199, 200, 209, 215, 217], "summary": {"covered_lines": 10, "num_statements": 11, "percent_covered": 90.9090909090909, "percent_covered_display": "91", "missing_lines": 1, "excluded_lines": 0, "percent_statements_covered": 90.9090909090909, "percent_statements_covered_display": "91"}, "missing_lines": [196], "excluded_lines": [], "start_line": 175}, "recommended_actions._sort_key": {"executed_lines": [210, 211, 212, 213], "summary": {"covered_lines": 4, "num_statements": 4, "percent_covered": 100.0, "percent_covered_display": "100", "missing_lines": 0, "excluded_lines": 0, "percent_statements_covered": 100.0, "percent_statements_covered_display": "100"}, "missing_lines": [], "excluded_lines": [], "start_line": 209}, "": {"executed_lines": [14, 16, 18, 25, 26, 27, 30, 49, 66, 92, 128, 175], "summary": {"covered_lines": 12, "num_statements": 12, "percent_covered": 100.0, "percent_covered_display": "100", "missing_lines": 0, "excluded_lines": 0, "percent_statements_covered": 100.0, "percent_statements_covered_display": "100"}, "missing_lines": [], "excluded_lines": [], "start_line": 1}}, "classes": {"": {"executed_lines": [14, 16, 18, 25, 26, 27, 30, 44, 45, 46, 49, 61, 62, 63, 66, 82, 83, 84, 86, 87, 88, 89, 92, 113, 114, 116, 117, 119, 120, 121, 122, 123, 124, 125, 128, 158, 159, 161, 162, 164, 170, 172, 175, 192, 194, 195, 197, 198, 199, 200, 209, 210, 211, 212, 213, 215, 217], "summary": {"covered_lines": 57, "num_statements": 59, "percent_covered": 96.61016949152543, "percent_covered_display": "97", "missing_lines": 2, "excluded_lines": 0, "percent_statements_covered": 96.61016949152543, "percent_statements_covered_display": "97"}, "missing_lines": [85, 196], "excluded_lines": [], "start_line": 1}}}, "src/gaze_py/report/__init__.py": {"executed_lines": [], "summary": {"covered_lines": 0, "num_statements": 0, "percent_covered": 100.0, "percent_covered_display": "100", "missing_lines": 0, "excluded_lines": 0, "percent_statements_covered": 100.0, "percent_statements_covered_display": "100"}, "missing_lines": [], "excluded_lines": [], "functions": {"": {"executed_lines": [], "summary": {"covered_lines": 0, "num_statements": 0, "percent_covered": 100.0, "percent_covered_display": "100", "missing_lines": 0, "excluded_lines": 0, "percent_statements_covered": 100.0, "percent_statements_covered_display": "100"}, "missing_lines": [], "excluded_lines": [], "start_line": 1}}, "classes": {"": {"executed_lines": [], "summary": {"covered_lines": 0, "num_statements": 0, "percent_covered": 100.0, "percent_covered_display": "100", "missing_lines": 0, "excluded_lines": 0, "percent_statements_covered": 100.0, "percent_statements_covered_display": "100"}, "missing_lines": [], "excluded_lines": [], "start_line": 1}}}, "src/gaze_py/report/json_formatter.py": {"executed_lines": [11, 13, 14, 15, 16, 18, 21, 38, 39, 45, 69, 74, 75, 76, 77, 78, 79, 80, 81, 82, 83, 84, 87, 88, 90], "summary": {"covered_lines": 25, "num_statements": 28, "percent_covered": 89.28571428571429, "percent_covered_display": "89", "missing_lines": 3, "excluded_lines": 0, "percent_statements_covered": 89.28571428571429, "percent_statements_covered_display": "89"}, "missing_lines": [40, 41, 42], "excluded_lines": [], "functions": {"_json_default": {"executed_lines": [38, 39], "summary": {"covered_lines": 2, "num_statements": 5, "percent_covered": 40.0, "percent_covered_display": "40", "missing_lines": 3, "excluded_lines": 0, "percent_statements_covered": 40.0, "percent_statements_covered_display": "40"}, "missing_lines": [40, 41, 42], "excluded_lines": [], "start_line": 21}, "to_json": {"executed_lines": [69, 74, 75, 76, 77, 78, 79, 80, 81, 82, 83, 84, 87, 88, 90], "summary": {"covered_lines": 15, "num_statements": 15, "percent_covered": 100.0, "percent_covered_display": "100", "missing_lines": 0, "excluded_lines": 0, "percent_statements_covered": 100.0, "percent_statements_covered_display": "100"}, "missing_lines": [], "excluded_lines": [], "start_line": 45}, "": {"executed_lines": [11, 13, 14, 15, 16, 18, 21, 45], "summary": {"covered_lines": 8, "num_statements": 8, "percent_covered": 100.0, "percent_covered_display": "100", "missing_lines": 0, "excluded_lines": 0, "percent_statements_covered": 100.0, "percent_statements_covered_display": "100"}, "missing_lines": [], "excluded_lines": [], "start_line": 1}}, "classes": {"": {"executed_lines": [11, 13, 14, 15, 16, 18, 21, 38, 39, 45, 69, 74, 75, 76, 77, 78, 79, 80, 81, 82, 83, 84, 87, 88, 90], "summary": {"covered_lines": 25, "num_statements": 28, "percent_covered": 89.28571428571429, "percent_covered_display": "89", "missing_lines": 3, "excluded_lines": 0, "percent_statements_covered": 89.28571428571429, "percent_statements_covered_display": "89"}, "missing_lines": [40, 41, 42], "excluded_lines": [], "start_line": 1}}}, "src/gaze_py/report/text_formatter.py": {"executed_lines": [10, 12, 15, 31, 32, 33, 34, 37, 49, 52, 54, 57, 59, 61], "summary": {"covered_lines": 14, "num_statements": 16, "percent_covered": 87.5, "percent_covered_display": "88", "missing_lines": 2, "excluded_lines": 0, "percent_statements_covered": 87.5, "percent_statements_covered_display": "88"}, "missing_lines": [50, 55], "excluded_lines": [], "functions": {"to_text": {"executed_lines": [31, 32, 33, 34], "summary": {"covered_lines": 4, "num_statements": 4, "percent_covered": 100.0, "percent_covered_display": "100", "missing_lines": 0, "excluded_lines": 0, "percent_statements_covered": 100.0, "percent_statements_covered_display": "100"}, "missing_lines": [], "excluded_lines": [], "start_line": 15}, "_format_function": {"executed_lines": [49, 52, 54, 57, 59, 61], "summary": {"covered_lines": 6, "num_statements": 8, "percent_covered": 75.0, "percent_covered_display": "75", "missing_lines": 2, "excluded_lines": 0, "percent_statements_covered": 75.0, "percent_statements_covered_display": "75"}, "missing_lines": [50, 55], "excluded_lines": [], "start_line": 37}, "": {"executed_lines": [10, 12, 15, 37], "summary": {"covered_lines": 4, "num_statements": 4, "percent_covered": 100.0, "percent_covered_display": "100", "missing_lines": 0, "excluded_lines": 0, "percent_statements_covered": 100.0, "percent_statements_covered_display": "100"}, "missing_lines": [], "excluded_lines": [], "start_line": 1}}, "classes": {"": {"executed_lines": [10, 12, 15, 31, 32, 33, 34, 37, 49, 52, 54, 57, 59, 61], "summary": {"covered_lines": 14, "num_statements": 16, "percent_covered": 87.5, "percent_covered_display": "88", "missing_lines": 2, "excluded_lines": 0, "percent_statements_covered": 87.5, "percent_statements_covered_display": "88"}, "missing_lines": [50, 55], "excluded_lines": [], "start_line": 1}}}, "src/gaze_py/taxonomy/__init__.py": {"executed_lines": [], "summary": {"covered_lines": 0, "num_statements": 0, "percent_covered": 100.0, "percent_covered_display": "100", "missing_lines": 0, "excluded_lines": 0, "percent_statements_covered": 100.0, "percent_statements_covered_display": "100"}, "missing_lines": [], "excluded_lines": [], "functions": {"": {"executed_lines": [], "summary": {"covered_lines": 0, "num_statements": 0, "percent_covered": 100.0, "percent_covered_display": "100", "missing_lines": 0, "excluded_lines": 0, "percent_statements_covered": 100.0, "percent_statements_covered_display": "100"}, "missing_lines": [], "excluded_lines": [], "start_line": 1}}, "classes": {"": {"executed_lines": [], "summary": {"covered_lines": 0, "num_statements": 0, "percent_covered": 100.0, "percent_covered_display": "100", "missing_lines": 0, "excluded_lines": 0, "percent_statements_covered": 100.0, "percent_statements_covered_display": "100"}, "missing_lines": [], "excluded_lines": [], "start_line": 1}}}, "src/gaze_py/taxonomy/effects.py": {"executed_lines": [10, 12, 18, 25, 26, 27, 28, 29, 32, 42, 43, 44, 45, 46, 49, 50, 51, 52, 53, 54, 55, 56, 59, 60, 61, 62, 63, 64, 65, 66, 67, 68, 71, 72, 73, 74, 75, 76, 77, 78, 79, 82, 83, 84, 85, 86, 87, 92], "summary": {"covered_lines": 48, "num_statements": 48, "percent_covered": 100.0, "percent_covered_display": "100", "missing_lines": 0, "excluded_lines": 0, "percent_statements_covered": 100.0, "percent_statements_covered_display": "100"}, "missing_lines": [], "excluded_lines": [], "functions": {"": {"executed_lines": [10, 12, 18, 25, 26, 27, 28, 29, 32, 42, 43, 44, 45, 46, 49, 50, 51, 52, 53, 54, 55, 56, 59, 60, 61, 62, 63, 64, 65, 66, 67, 68, 71, 72, 73, 74, 75, 76, 77, 78, 79, 82, 83, 84, 85, 86, 87, 92], "summary": {"covered_lines": 48, "num_statements": 48, "percent_covered": 100.0, "percent_covered_display": "100", "missing_lines": 0, "excluded_lines": 0, "percent_statements_covered": 100.0, "percent_statements_covered_display": "100"}, "missing_lines": [], "excluded_lines": [], "start_line": 1}}, "classes": {"Tier": {"executed_lines": [], "summary": {"covered_lines": 0, "num_statements": 0, "percent_covered": 100.0, "percent_covered_display": "100", "missing_lines": 0, "excluded_lines": 0, "percent_statements_covered": 100.0, "percent_statements_covered_display": "100"}, "missing_lines": [], "excluded_lines": [], "start_line": 18}, "SideEffectType": {"executed_lines": [], "summary": {"covered_lines": 0, "num_statements": 0, "percent_covered": 100.0, "percent_covered_display": "100", "missing_lines": 0, "excluded_lines": 0, "percent_statements_covered": 100.0, "percent_statements_covered_display": "100"}, "missing_lines": [], "excluded_lines": [], "start_line": 32}, "": {"executed_lines": [10, 12, 18, 25, 26, 27, 28, 29, 32, 42, 43, 44, 45, 46, 49, 50, 51, 52, 53, 54, 55, 56, 59, 60, 61, 62, 63, 64, 65, 66, 67, 68, 71, 72, 73, 74, 75, 76, 77, 78, 79, 82, 83, 84, 85, 86, 87, 92], "summary": {"covered_lines": 48, "num_statements": 48, "percent_covered": 100.0, "percent_covered_display": "100", "missing_lines": 0, "excluded_lines": 0, "percent_statements_covered": 100.0, "percent_statements_covered_display": "100"}, "missing_lines": [], "excluded_lines": [], "start_line": 1}}}, "src/gaze_py/taxonomy/exceptions.py": {"executed_lines": [8, 15], "summary": {"covered_lines": 2, "num_statements": 2, "percent_covered": 100.0, "percent_covered_display": "100", "missing_lines": 0, "excluded_lines": 0, "percent_statements_covered": 100.0, "percent_statements_covered_display": "100"}, "missing_lines": [], "excluded_lines": [], "functions": {"": {"executed_lines": [8, 15], "summary": {"covered_lines": 2, "num_statements": 2, "percent_covered": 100.0, "percent_covered_display": "100", "missing_lines": 0, "excluded_lines": 0, "percent_statements_covered": 100.0, "percent_statements_covered_display": "100"}, "missing_lines": [], "excluded_lines": [], "start_line": 1}}, "classes": {"GazeParseError": {"executed_lines": [], "summary": {"covered_lines": 0, "num_statements": 0, "percent_covered": 100.0, "percent_covered_display": "100", "missing_lines": 0, "excluded_lines": 0, "percent_statements_covered": 100.0, "percent_statements_covered_display": "100"}, "missing_lines": [], "excluded_lines": [], "start_line": 8}, "GazeConfigError": {"executed_lines": [], "summary": {"covered_lines": 0, "num_statements": 0, "percent_covered": 100.0, "percent_covered_display": "100", "missing_lines": 0, "excluded_lines": 0, "percent_statements_covered": 100.0, "percent_statements_covered_display": "100"}, "missing_lines": [], "excluded_lines": [], "start_line": 15}, "": {"executed_lines": [8, 15], "summary": {"covered_lines": 2, "num_statements": 2, "percent_covered": 100.0, "percent_covered_display": "100", "missing_lines": 0, "excluded_lines": 0, "percent_statements_covered": 100.0, "percent_statements_covered_display": "100"}, "missing_lines": [], "excluded_lines": [], "start_line": 1}}}, "src/gaze_py/taxonomy/models.py": {"executed_lines": [12, 14, 16, 19, 20, 30, 31, 34, 35, 46, 47, 48, 51, 52, 66, 67, 68, 69, 70, 71, 74, 75, 102, 103, 104, 105, 106, 107, 108, 109, 112, 113, 133, 134, 135, 136, 137, 138, 139, 140, 143, 144, 169, 170, 171, 172, 173, 174, 175, 176, 177, 178, 181, 182, 190, 191], "summary": {"covered_lines": 56, "num_statements": 56, "percent_covered": 100.0, "percent_covered_display": "100", "missing_lines": 0, "excluded_lines": 0, "percent_statements_covered": 100.0, "percent_statements_covered_display": "100"}, "missing_lines": [], "excluded_lines": [], "functions": {"": {"executed_lines": [12, 14, 16, 19, 20, 30, 31, 34, 35, 46, 47, 48, 51, 52, 66, 67, 68, 69, 70, 71, 74, 75, 102, 103, 104, 105, 106, 107, 108, 109, 112, 113, 133, 134, 135, 136, 137, 138, 139, 140, 143, 144, 169, 170, 171, 172, 173, 174, 175, 176, 177, 178, 181, 182, 190, 191], "summary": {"covered_lines": 56, "num_statements": 56, "percent_covered": 100.0, "percent_covered_display": "100", "missing_lines": 0, "excluded_lines": 0, "percent_statements_covered": 100.0, "percent_statements_covered_display": "100"}, "missing_lines": [], "excluded_lines": [], "start_line": 1}}, "classes": {"Signal": {"executed_lines": [], "summary": {"covered_lines": 0, "num_statements": 0, "percent_covered": 100.0, "percent_covered_display": "100", "missing_lines": 0, "excluded_lines": 0, "percent_statements_covered": 100.0, "percent_statements_covered_display": "100"}, "missing_lines": [], "excluded_lines": [], "start_line": 20}, "ClassificationResult": {"executed_lines": [], "summary": {"covered_lines": 0, "num_statements": 0, "percent_covered": 100.0, "percent_covered_display": "100", "missing_lines": 0, "excluded_lines": 0, "percent_statements_covered": 100.0, "percent_statements_covered_display": "100"}, "missing_lines": [], "excluded_lines": [], "start_line": 35}, "SideEffect": {"executed_lines": [], "summary": {"covered_lines": 0, "num_statements": 0, "percent_covered": 100.0, "percent_covered_display": "100", "missing_lines": 0, "excluded_lines": 0, "percent_statements_covered": 100.0, "percent_statements_covered_display": "100"}, "missing_lines": [], "excluded_lines": [], "start_line": 52}, "Score": {"executed_lines": [], "summary": {"covered_lines": 0, "num_statements": 0, "percent_covered": 100.0, "percent_covered_display": "100", "missing_lines": 0, "excluded_lines": 0, "percent_statements_covered": 100.0, "percent_statements_covered_display": "100"}, "missing_lines": [], "excluded_lines": [], "start_line": 75}, "FunctionTarget": {"executed_lines": [], "summary": {"covered_lines": 0, "num_statements": 0, "percent_covered": 100.0, "percent_covered_display": "100", "missing_lines": 0, "excluded_lines": 0, "percent_statements_covered": 100.0, "percent_statements_covered_display": "100"}, "missing_lines": [], "excluded_lines": [], "start_line": 113}, "Summary": {"executed_lines": [], "summary": {"covered_lines": 0, "num_statements": 0, "percent_covered": 100.0, "percent_covered_display": "100", "missing_lines": 0, "excluded_lines": 0, "percent_statements_covered": 100.0, "percent_statements_covered_display": "100"}, "missing_lines": [], "excluded_lines": [], "start_line": 144}, "AnalysisResult": {"executed_lines": [], "summary": {"covered_lines": 0, "num_statements": 0, "percent_covered": 100.0, "percent_covered_display": "100", "missing_lines": 0, "excluded_lines": 0, "percent_statements_covered": 100.0, "percent_statements_covered_display": "100"}, "missing_lines": [], "excluded_lines": [], "start_line": 182}, "": {"executed_lines": [12, 14, 16, 19, 20, 30, 31, 34, 35, 46, 47, 48, 51, 52, 66, 67, 68, 69, 70, 71, 74, 75, 102, 103, 104, 105, 106, 107, 108, 109, 112, 113, 133, 134, 135, 136, 137, 138, 139, 140, 143, 144, 169, 170, 171, 172, 173, 174, 175, 176, 177, 178, 181, 182, 190, 191], "summary": {"covered_lines": 56, "num_statements": 56, "percent_covered": 100.0, "percent_covered_display": "100", "missing_lines": 0, "excluded_lines": 0, "percent_statements_covered": 100.0, "percent_statements_covered_display": "100"}, "missing_lines": [], "excluded_lines": [], "start_line": 1}}}}, "totals": {"covered_lines": 962, "num_statements": 1078, "percent_covered": 89.23933209647495, "percent_covered_display": "89", "missing_lines": 116, "excluded_lines": 0, "percent_statements_covered": 89.23933209647495, "percent_statements_covered_display": "89"}}